<?xml version="1.0" encoding="UTF-8" ?>
<beans xmlns="http://www.springframework.org/schema/beans">
    <import resource="classpath:context/applicationContext-core.xml"/>
    <import resource="classpath:test-context-demo.xml"/>
</beans>