<?xml version="1.0" encoding="utf-8" ?>
<beans xmlns="http://www.springframework.org/schema/beans" xmlns:jdbc="http://www.springframework.org/schema/jdbc"
       xmlns:xsi="http://www.w3.org/2001/XMLSchema-instance"
       xsi:schemaLocation="http://www.springframework.org/schema/jdbc http://www.springframework.org/schema/jdbc/spring-jdbc.xsd">

    <import resource="classpath:context/applicationContext-core.xml"/>

    <jdbc:initialize-database enabled="true" data-source="dataSource">
        <jdbc:script location="classpath:test-demodata-phones.sql"/>
    </jdbc:initialize-database>
</beans>