<?xml version="1.0" encoding="UTF-8"?>
<beans xmlns="http://www.springframework.org/schema/beans"
       xmlns:xsi="http://www.w3.org/2001/XMLSchema-instance"
       xmlns:context="http://www.springframework.org/schema/context"
       xmlns:jdbc="http://www.springframework.org/schema/jdbc"
       xsi:schemaLocation="http://www.springframework.org/schema/beans http://www.springframework.org/schema/beans/spring-beans.xsd
                           http://www.springframework.org/schema/context http://www.springframework.org/schema/context/spring-context.xsd
                           http://www.springframework.org/schema/jdbc http://www.springframework.org/schema/jdbc/spring-jdbc.xsd">
    <context:component-scan base-package="com.es.core"/>

    <bean name="dataSourceTest" class="org.apache.commons.dbcp.BasicDataSource">
        <property name="driverClassName" value="org.h2.Driver"/>
        <property name="url" value="jdbc:h2:mem:schema"/>
    </bean>

    <bean id="phoneDao" class="com.es.core.model.phone.JdbcPhoneDao">

    </bean>
    <bean id="jdbcTemplateTest" class="org.springframework.jdbc.core.JdbcTemplate">
        <property name="dataSource" ref="dataSourceTest"/>
    </bean>

    <jdbc:initialize-database data-source="dataSourceTest">
        <jdbc:script location="classpath:db/schema.sql"/>
        <jdbc:script location="classpath:db/phoneData.sql"/>
    </jdbc:initialize-database>

</beans>