<?xml version="1.0" encoding="UTF-8"?>
<beans xmlns="http://www.springframework.org/schema/beans"
       xmlns:xsi="http://www.w3.org/2001/XMLSchema-instance"
       xmlns:context="http://www.springframework.org/schema/context"
       xmlns:jdbc="http://www.springframework.org/schema/jdbc"
       xsi:schemaLocation="http://www.springframework.org/schema/beans http://www.springframework.org/schema/beans/spring-beans.xsd
                           http://www.springframework.org/schema/context http://www.springframework.org/schema/context/spring-context.xsd
                           http://www.springframework.org/schema/jdbc http://www.springframework.org/schema/jdbc/spring-jdbc.xsd">

    <context:component-scan base-package="com.es.core"/>

    <context:property-placeholder location="classpath:conf/application-test.properties"/>

    <bean id="dataSource" class="org.springframework.jdbc.datasource.DriverManagerDataSource">
        <property name="driverClassName" value="${db.driver}"/>
        <property name="url" value="${db.url};DB_CLOSE_DELAY=-1"/>
    </bean>

    <bean id="jdbcTemplateTest" class="org.springframework.jdbc.core.JdbcTemplate">
        <property name="dataSource" ref="dataSource"/>
    </bean>

    <bean id="phoneDao" class="com.es.core.dao.phone.JdbcPhoneDao"/>

    <bean id="stockDao" class="com.es.core.dao.stock.JdbcStockDao"/>

    <jdbc:initialize-database data-source="dataSource">
        <jdbc:script location="classpath:db/schema.sql"/>
    </jdbc:initialize-database>

    <jdbc:initialize-database data-source="dataSource">
        <jdbc:script location="classpath:db/phoneData.sql"/>
    </jdbc:initialize-database>

</beans>